[22:52:20] [Client thread/INFO]: Setting user: Player472
[22:52:22] [Client thread/INFO]: LWJGL Version: 2.9.1
[22:52:26] [Client thread/INFO]: Reloading ResourceManager: Default, FMLFileResourcePack:Forge Mod Loader, FMLFileResourcePack:Minecraft Forge, FMLFileResourcePack:More Everything Mod
[22:52:26] [Sound Library Loader/INFO]: Starting up SoundSystem...
[22:52:26] [Thread-9/INFO]: Initializing LWJGL OpenAL
[22:52:26] [Thread-9/INFO]: (The LWJGL binding of OpenAL.  For more information, see http://www.lwjgl.org)
[22:52:26] [Thread-9/INFO]: OpenAL initialized.
[22:52:27] [Sound Library Loader/INFO]: Sound engine started
[22:52:28] [Client thread/INFO]: Created: 512x512 textures-atlas
[22:52:29] [Client thread/INFO]: Reloading ResourceManager: Default, FMLFileResourcePack:Forge Mod Loader, FMLFileResourcePack:Minecraft Forge, FMLFileResourcePack:More Everything Mod
[22:52:29] [Client thread/INFO]: SoundSystem shutting down...
[22:52:30] [Client thread/WARN]: Author: Paul Lamb, www.paulscode.com
[22:52:30] [Sound Library Loader/INFO]: Starting up SoundSystem...
[22:52:30] [Thread-11/INFO]: Initializing LWJGL OpenAL
[22:52:30] [Thread-11/INFO]: (The LWJGL binding of OpenAL.  For more information, see http://www.lwjgl.org)
[22:52:30] [Thread-11/INFO]: OpenAL initialized.
[22:52:30] [Sound Library Loader/INFO]: Sound engine started
[22:52:31] [Client thread/INFO]: Created: 512x512 textures-atlas
[22:52:36] [Client thread/INFO]: Deleting level New World
[22:52:36] [Client thread/INFO]: Attempt 1...
[22:52:39] [Server thread/INFO]: Starting integrated minecraft server version 1.8
[22:52:39] [Server thread/INFO]: Generating keypair
[22:52:39] [Server thread/INFO]: Converting map!
[22:52:39] [Server thread/INFO]: Scanning folders...
[22:52:39] [Server thread/INFO]: Total conversion count is 0
[22:52:40] [Server thread/INFO]: Preparing start region for level 0
[22:52:41] [Server thread/INFO]: Preparing spawn area: 8%
[22:52:42] [Server thread/INFO]: Preparing spawn area: 18%
[22:52:43] [Server thread/INFO]: Preparing spawn area: 30%
[22:52:44] [Server thread/INFO]: Preparing spawn area: 45%
[22:52:45] [Server thread/INFO]: Preparing spawn area: 59%
[22:52:46] [Server thread/INFO]: Preparing spawn area: 74%
[22:52:47] [Server thread/INFO]: Preparing spawn area: 87%
[22:52:48] [Server thread/INFO]: Changing view distance to 12, from 10
[22:52:48] [Server thread/INFO]: Player472[local:E:830f6c87] logged in with entity id 366 at (-18.5, 69.0, 229.5)
[22:52:48] [Server thread/INFO]: Player472 joined the game
[22:52:49] [pool-2-thread-1/WARN]: Couldn't look up profile properties for com.mojang.authlib.GameProfile@54155e6e[id=198eff5d-ccf5-3ba5-aac5-eea0074f959b,name=Player472,properties={},legacy=false]
com.mojang.authlib.exceptions.AuthenticationException: The client has sent too many requests within a certain amount of time
	at com.mojang.authlib.yggdrasil.YggdrasilAuthenticationService.makeRequest(YggdrasilAuthenticationService.java:65) ~[YggdrasilAuthenticationService.class:?]
	at com.mojang.authlib.yggdrasil.YggdrasilMinecraftSessionService.fillGameProfile(YggdrasilMinecraftSessionService.java:158) [YggdrasilMinecraftSessionService.class:?]
	at com.mojang.authlib.yggdrasil.YggdrasilMinecraftSessionService$1.load(YggdrasilMinecraftSessionService.java:53) [YggdrasilMinecraftSessionService$1.class:?]
	at com.mojang.authlib.yggdrasil.YggdrasilMinecraftSessionService$1.load(YggdrasilMinecraftSessionService.java:50) [YggdrasilMinecraftSessionService$1.class:?]
	at com.google.common.cache.LocalCache$LoadingValueReference.loadFuture(LocalCache.java:3524) [guava-17.0.jar:?]
	at com.google.common.cache.LocalCache$Segment.loadSync(LocalCache.java:2317) [guava-17.0.jar:?]
	at com.google.common.cache.LocalCache$Segment.lockedGetOrLoad(LocalCache.java:2280) [guava-17.0.jar:?]
	at com.google.common.cache.LocalCache$Segment.get(LocalCache.java:2195) [guava-17.0.jar:?]
	at com.google.common.cache.LocalCache.get(LocalCache.java:3934) [guava-17.0.jar:?]
	at com.google.common.cache.LocalCache.getOrLoad(LocalCache.java:3938) [guava-17.0.jar:?]
	at com.google.common.cache.LocalCache$LocalLoadingCache.get(LocalCache.java:4821) [guava-17.0.jar:?]
	at com.google.common.cache.LocalCache$LocalLoadingCache.getUnchecked(LocalCache.java:4827) [guava-17.0.jar:?]
	at com.mojang.authlib.yggdrasil.YggdrasilMinecraftSessionService.fillProfileProperties(YggdrasilMinecraftSessionService.java:148) [YggdrasilMinecraftSessionService.class:?]
	at net.minecraft.client.resources.SkinManager$3.run(SkinManager.java:138) [SkinManager$3.class:?]
	at java.util.concurrent.Executors$RunnableAdapter.call(Executors.java:511) [?:1.8.0_51]
	at java.util.concurrent.FutureTask.run(FutureTask.java:266) [?:1.8.0_51]
	at java.util.concurrent.ThreadPoolExecutor.runWorker(ThreadPoolExecutor.java:1142) [?:1.8.0_51]
	at java.util.concurrent.ThreadPoolExecutor$Worker.run(ThreadPoolExecutor.java:617) [?:1.8.0_51]
	at java.lang.Thread.run(Thread.java:745) [?:1.8.0_51]
[22:52:51] [Server thread/WARN]: Can't keep up! Did the system time change, or is the server overloaded? Running 3054ms behind, skipping 61 tick(s)
[22:52:51] [Server thread/INFO]: Player472 has just earned the achievement [Taking Inventory]
[22:52:52] [Client thread/INFO]: [CHAT] Player472 has just earned the achievement [Taking Inventory]
[22:52:54] [Server thread/INFO]: Saving and pausing game...
[22:52:54] [Server thread/INFO]: Saving chunks for level 'New World'/Overworld
[22:52:56] [Server thread/INFO]: Saving chunks for level 'New World'/Nether
[22:52:56] [Server thread/INFO]: Saving chunks for level 'New World'/The End
[22:52:56] [Server thread/INFO]: Stopping server
[22:52:56] [Server thread/INFO]: Saving players
[22:52:56] [Server thread/INFO]: Saving worlds
[22:52:56] [Server thread/INFO]: Saving chunks for level 'New World'/Overworld
[22:52:56] [Server thread/INFO]: Saving chunks for level 'New World'/Nether
[22:52:56] [Server thread/INFO]: Saving chunks for level 'New World'/The End
[22:53:01] [Server thread/INFO]: Starting integrated minecraft server version 1.8
[22:53:01] [Server thread/INFO]: Generating keypair
[22:53:01] [Server thread/INFO]: Preparing start region for level 0
[22:53:02] [Server thread/INFO]: Changing view distance to 12, from 10
[22:53:02] [Server thread/INFO]: Player472[local:E:1c7527e2] logged in with entity id 2491 at (-18.5, 69.0, 229.5)
[22:53:02] [Server thread/INFO]: Player472 joined the game
[22:53:02] [Server thread/WARN]: Biome ID is out of bounds: 152122, defaulting to 0 (Ocean)
[22:53:03] [Server thread/INFO]: Saving and pausing game...
[22:53:03] [Server thread/INFO]: Saving chunks for level 'New World'/Overworld
[22:53:05] [Server thread/INFO]: Saving chunks for level 'New World'/Nether
[22:53:05] [Server thread/INFO]: Saving chunks for level 'New World'/The End
[22:53:05] [Server thread/WARN]: Can't keep up! Did the system time change, or is the server overloaded? Running 2021ms behind, skipping 40 tick(s)
[22:53:06] [Server thread/INFO]: Stopping server
[22:53:06] [Server thread/INFO]: Saving players
[22:53:06] [Server thread/INFO]: Saving worlds
[22:53:06] [Server thread/INFO]: Saving chunks for level 'New World'/Overworld
[22:53:06] [Server thread/INFO]: Saving chunks for level 'New World'/Nether
[22:53:06] [Server thread/INFO]: Saving chunks for level 'New World'/The End
[22:53:08] [Client thread/INFO]: Stopping!
[22:53:08] [Client thread/INFO]: SoundSystem shutting down...
[22:53:08] [Client thread/WARN]: Author: Paul Lamb, www.paulscode.com
